[2022-06-18 18:36:01.289] [renderer3] [error] [Extension Host] TypeError: Cannot read properties of null (reading 'version')
	at /home/carlos/.vscode/extensions/naumovs.color-highlight-2.5.0/dist/extension-node.js:1:68024
	at l (/home/carlos/.vscode/extensions/naumovs.color-highlight-2.5.0/dist/extension-node.js:1:4485)
	at Generator._invoke (/home/carlos/.vscode/extensions/naumovs.color-highlight-2.5.0/dist/extension-node.js:1:4273)
	at Generator.next (/home/carlos/.vscode/extensions/naumovs.color-highlight-2.5.0/dist/extension-node.js:1:4910)
	at l (/home/carlos/.vscode/extensions/naumovs.color-highlight-2.5.0/dist/extension-node.js:1:4485)
	at M (/home/carlos/.vscode/extensions/naumovs.color-highlight-2.5.0/dist/extension-node.js:1:5658)
	at Generator._invoke (/home/carlos/.vscode/extensions/naumovs.color-highlight-2.5.0/dist/extension-node.js:1:4050)
	at Generator.next (/home/carlos/.vscode/extensions/naumovs.color-highlight-2.5.0/dist/extension-node.js:1:4910)
	at t (/home/carlos/.vscode/extensions/naumovs.color-highlight-2.5.0/dist/extension-node.js:1:413)
	at s (/home/carlos/.vscode/extensions/naumovs.color-highlight-2.5.0/dist/extension-node.js:1:624)
	at processTicksAndRejections (node:internal/process/task_queues:96:5)
[2022-06-18 18:36:01.290] [renderer3] [error] [Extension Host] TypeError: Cannot read properties of null (reading 'version')
	at /home/carlos/.vscode/extensions/naumovs.color-highlight-2.5.0/dist/extension-node.js:1:68024
	at l (/home/carlos/.vscode/extensions/naumovs.color-highlight-2.5.0/dist/extension-node.js:1:4485)
	at Generator._invoke (/home/carlos/.vscode/extensions/naumovs.color-highlight-2.5.0/dist/extension-node.js:1:4273)
	at Generator.next (/home/carlos/.vscode/extensions/naumovs.color-highlight-2.5.0/dist/extension-node.js:1:4910)
	at l (/home/carlos/.vscode/extensions/naumovs.color-highlight-2.5.0/dist/extension-node.js:1:4485)
	at M (/home/carlos/.vscode/extensions/naumovs.color-highlight-2.5.0/dist/extension-node.js:1:5658)
	at Generator._invoke (/home/carlos/.vscode/extensions/naumovs.color-highlight-2.5.0/dist/extension-node.js:1:4050)
	at Generator.next (/home/carlos/.vscode/extensions/naumovs.color-highlight-2.5.0/dist/extension-node.js:1:4910)
	at t (/home/carlos/.vscode/extensions/naumovs.color-highlight-2.5.0/dist/extension-node.js:1:413)
	at s (/home/carlos/.vscode/extensions/naumovs.color-highlight-2.5.0/dist/extension-node.js:1:624)
	at processTicksAndRejections (node:internal/process/task_queues:96:5)
