[2022-06-18 18:27:30.074] [exthost] [info] Extension host with pid 14676 started
[2022-06-18 18:27:30.175] [exthost] [info] ExtensionService#_doActivateExtension vscode.microsoft-authentication, startup: false, activationEvent: 'onAuthenticationRequest:microsoft'
[2022-06-18 18:27:30.260] [exthost] [info] ExtensionService#_doActivateExtension vscode.debug-auto-launch, startup: true, activationEvent: '*'
[2022-06-18 18:27:30.269] [exthost] [info] ExtensionService#_doActivateExtension vscode.git-base, startup: true, activationEvent: '*', root cause: vscode.git
[2022-06-18 18:27:30.278] [exthost] [info] ExtensionService#_doActivateExtension vscode.ipynb, startup: true, activationEvent: '*'
[2022-06-18 18:27:30.352] [exthost] [info] ExtensionService#_doActivateExtension vscode.git, startup: true, activationEvent: '*'
[2022-06-18 18:27:30.436] [exthost] [info] ExtensionService#_doActivateExtension vscode.github, startup: true, activationEvent: '*'
[2022-06-18 18:27:30.515] [exthost] [info] Eager extensions activated
[2022-06-18 18:27:30.516] [exthost] [info] ExtensionService#_doActivateExtension vscode.github-authentication, startup: false, activationEvent: 'onAuthenticationRequest:github'
[2022-06-18 18:27:30.585] [exthost] [info] ExtensionService#_doActivateExtension vscode.emmet, startup: false, activationEvent: 'onStartupFinished'
[2022-06-18 18:27:30.606] [exthost] [info] ExtensionService#_doActivateExtension vscode.merge-conflict, startup: false, activationEvent: 'onStartupFinished'
[2022-06-18 18:28:36.059] [exthost] [info] ExtensionService#_doActivateExtension vscode.configuration-editing, startup: false, activationEvent: 'onLanguage:jsonc'
[2022-06-18 18:28:36.069] [exthost] [info] ExtensionService#_doActivateExtension vscode.json-language-features, startup: false, activationEvent: 'onLanguage:jsonc'
[2022-06-18 18:28:36.154] [exthost] [info] ExtensionService#_doActivateExtension vscode.typescript-language-features, startup: false, activationEvent: 'onLanguage:jsonc'
[2022-06-18 18:32:46.274] [exthost] [info] ExtensionService#_doActivateExtension s-nlf-fh.glassit, startup: false, activationEvent: '*'
[2022-06-18 18:34:16.766] [exthost] [info] ExtensionService#_doActivateExtension naumovs.color-highlight, startup: false, activationEvent: '*'
[2022-06-18 18:36:17.980] [exthost] [info] Extension host terminating: received terminate message from renderer
[2022-06-18 18:36:18.002] [exthost] [error] Error: read ECONNRESET
	at Pipe.onStreamRead (node:internal/stream_base_commons:220:20)
[2022-06-18 18:36:18.005] [exthost] [info] Extension host with pid 14676 exiting with code 0
