[2022-06-19 12:25:42.919] [exthost] [info] Extension host with pid 2348 started
[2022-06-19 12:25:43.211] [exthost] [info] ExtensionService#_doActivateExtension vscode.microsoft-authentication, startup: false, activationEvent: 'onAuthenticationRequest:microsoft'
[2022-06-19 12:25:43.256] [exthost] [info] ExtensionService#_doActivateExtension vscode.debug-auto-launch, startup: true, activationEvent: '*'
[2022-06-19 12:25:43.263] [exthost] [info] ExtensionService#_doActivateExtension vscode.git-base, startup: true, activationEvent: '*', root cause: vscode.git
[2022-06-19 12:25:43.266] [exthost] [info] ExtensionService#_doActivateExtension vscode.ipynb, startup: true, activationEvent: '*'
[2022-06-19 12:25:43.270] [exthost] [info] ExtensionService#_doActivateExtension naumovs.color-highlight, startup: true, activationEvent: '*'
[2022-06-19 12:25:43.278] [exthost] [info] ExtensionService#_doActivateExtension s-nlf-fh.glassit, startup: true, activationEvent: '*'
[2022-06-19 12:25:43.477] [exthost] [info] ExtensionService#_doActivateExtension vscode.git, startup: true, activationEvent: '*'
[2022-06-19 12:25:43.497] [exthost] [info] ExtensionService#_doActivateExtension vscode.github, startup: true, activationEvent: '*'
[2022-06-19 12:25:43.600] [exthost] [info] Eager extensions activated
[2022-06-19 12:25:43.601] [exthost] [info] ExtensionService#_doActivateExtension vscode.configuration-editing, startup: false, activationEvent: 'onLanguage:jsonc'
[2022-06-19 12:25:43.605] [exthost] [info] ExtensionService#_doActivateExtension vscode.json-language-features, startup: false, activationEvent: 'onLanguage:jsonc'
[2022-06-19 12:25:43.629] [exthost] [info] ExtensionService#_doActivateExtension vscode.typescript-language-features, startup: false, activationEvent: 'onLanguage:jsonc'
[2022-06-19 12:25:43.639] [exthost] [info] ExtensionService#_doActivateExtension vscode.github-authentication, startup: false, activationEvent: 'onAuthenticationRequest:github'
[2022-06-19 12:25:43.659] [exthost] [info] ExtensionService#_doActivateExtension vscode.emmet, startup: false, activationEvent: 'onStartupFinished'
[2022-06-19 12:25:43.666] [exthost] [info] ExtensionService#_doActivateExtension vscode.merge-conflict, startup: false, activationEvent: 'onStartupFinished'
[2022-06-19 12:26:44.800] [exthost] [info] Extension host terminating: received terminate message from renderer
[2022-06-19 12:26:44.819] [exthost] [info] Extension host with pid 2348 exiting with code 0
[2022-06-19 12:26:47.400] [exthost] [info] Extension host with pid 2556 started
[2022-06-19 12:26:47.401] [exthost] [info] Skipping acquiring lock for /home/carlos/.config/Code/User/workspaceStorage/62d91ea1aa4be57eafe1410f315a965a.
[2022-06-19 12:26:47.606] [exthost] [info] ExtensionService#_doActivateExtension vscode.microsoft-authentication, startup: false, activationEvent: 'onAuthenticationRequest:microsoft'
[2022-06-19 12:26:47.625] [exthost] [info] ExtensionService#_doActivateExtension vscode.debug-auto-launch, startup: true, activationEvent: '*'
[2022-06-19 12:26:47.627] [exthost] [info] ExtensionService#_doActivateExtension vscode.git-base, startup: true, activationEvent: '*'
[2022-06-19 12:26:47.629] [exthost] [info] ExtensionService#_doActivateExtension vscode.ipynb, startup: true, activationEvent: '*'
[2022-06-19 12:26:47.632] [exthost] [info] ExtensionService#_doActivateExtension naumovs.color-highlight, startup: true, activationEvent: '*'
[2022-06-19 12:26:47.658] [exthost] [info] ExtensionService#_doActivateExtension vscode.github, startup: true, activationEvent: '*'
[2022-06-19 12:26:47.671] [exthost] [info] Eager extensions activated
[2022-06-19 12:26:47.675] [exthost] [info] ExtensionService#_doActivateExtension vscode.emmet, startup: false, activationEvent: 'onStartupFinished'
[2022-06-19 12:26:47.684] [exthost] [info] ExtensionService#_doActivateExtension vscode.merge-conflict, startup: false, activationEvent: 'onStartupFinished'
[2022-06-19 12:26:47.731] [exthost] [info] ExtensionService#_doActivateExtension vscode.github-authentication, startup: false, activationEvent: 'onAuthenticationRequest:github'
[2022-06-19 12:26:49.859] [exthost] [info] ExtensionService#_doActivateExtension vscode.git, startup: false, activationEvent: 'api', root cause: vscode.github
[2022-06-19 12:26:49.889] [exthost] [info] ExtensionService#_doActivateExtension s-nlf-fh.glassit, startup: false, activationEvent: '*'
[2022-06-19 12:26:50.072] [exthost] [info] ExtensionService#_doActivateExtension vscode.configuration-editing, startup: false, activationEvent: 'onLanguage:jsonc'
[2022-06-19 12:26:50.075] [exthost] [info] ExtensionService#_doActivateExtension vscode.json-language-features, startup: false, activationEvent: 'onLanguage:jsonc'
[2022-06-19 12:26:50.094] [exthost] [info] ExtensionService#_doActivateExtension vscode.typescript-language-features, startup: false, activationEvent: 'onLanguage:jsonc'
[2022-06-19 12:27:06.727] [exthost] [info] ExtensionService#_doActivateExtension vscode.html-language-features, startup: false, activationEvent: 'onLanguage:html'
[2022-06-19 12:27:30.859] [exthost] [info] ExtensionService#_doActivateExtension vscode.css-language-features, startup: false, activationEvent: 'onLanguage:css'
[2022-06-19 12:27:54.483] [exthost] [info] ExtensionService#_doActivateExtension equinusocio.vsc-material-theme-icons, startup: false, activationEvent: 'onStartupFinished'
[2022-06-19 12:28:51.169] [exthost] [info] ExtensionService#_doActivateExtension ritwickdey.LiveServer, startup: false, activationEvent: 'onStartupFinished'
[2022-06-19 12:51:28.704] [exthost] [info] ExtensionService#_doActivateExtension 2gua.rainbow-brackets, startup: false, activationEvent: '*'
[2022-06-19 12:51:56.275] [exthost] [info] Extension host terminating: received terminate message from renderer
[2022-06-19 12:51:56.316] [exthost] [info] Extension host with pid 2556 exiting with code 0
[2022-06-19 12:51:59.132] [exthost] [info] Extension host with pid 4394 started
[2022-06-19 12:51:59.132] [exthost] [info] Skipping acquiring lock for /home/carlos/.config/Code/User/workspaceStorage/62d91ea1aa4be57eafe1410f315a965a.
[2022-06-19 12:51:59.267] [exthost] [info] ExtensionService#_doActivateExtension vscode.css-language-features, startup: false, activationEvent: 'onLanguage:css'
[2022-06-19 12:51:59.317] [exthost] [info] ExtensionService#_doActivateExtension vscode.microsoft-authentication, startup: false, activationEvent: 'onAuthenticationRequest:microsoft'
[2022-06-19 12:51:59.337] [exthost] [info] ExtensionService#_doActivateExtension vscode.debug-auto-launch, startup: true, activationEvent: '*'
[2022-06-19 12:51:59.340] [exthost] [info] ExtensionService#_doActivateExtension vscode.git-base, startup: true, activationEvent: '*', root cause: vscode.git
[2022-06-19 12:51:59.344] [exthost] [info] ExtensionService#_doActivateExtension vscode.ipynb, startup: true, activationEvent: '*'
[2022-06-19 12:51:59.349] [exthost] [info] ExtensionService#_doActivateExtension 2gua.rainbow-brackets, startup: true, activationEvent: '*'
[2022-06-19 12:51:59.351] [exthost] [info] ExtensionService#_doActivateExtension naumovs.color-highlight, startup: true, activationEvent: '*'
[2022-06-19 12:51:59.564] [exthost] [info] ExtensionService#_doActivateExtension vscode.git, startup: true, activationEvent: '*'
[2022-06-19 12:51:59.615] [exthost] [info] ExtensionService#_doActivateExtension vscode.github, startup: true, activationEvent: '*'
[2022-06-19 12:51:59.727] [exthost] [info] Eager extensions activated
[2022-06-19 12:51:59.770] [exthost] [info] ExtensionService#_doActivateExtension vscode.emmet, startup: false, activationEvent: 'onStartupFinished'
[2022-06-19 12:51:59.783] [exthost] [info] ExtensionService#_doActivateExtension vscode.merge-conflict, startup: false, activationEvent: 'onStartupFinished'
[2022-06-19 12:51:59.786] [exthost] [info] ExtensionService#_doActivateExtension equinusocio.vsc-material-theme-icons, startup: false, activationEvent: 'onStartupFinished'
[2022-06-19 12:51:59.866] [exthost] [info] ExtensionService#_doActivateExtension ritwickdey.LiveServer, startup: false, activationEvent: 'onStartupFinished'
[2022-06-19 12:52:00.225] [exthost] [info] ExtensionService#_doActivateExtension vscode.github-authentication, startup: false, activationEvent: 'onAuthenticationRequest:github'
[2022-06-19 12:52:22.867] [exthost] [info] ExtensionService#_doActivateExtension vscode.html-language-features, startup: false, activationEvent: 'onLanguage:html'
[2022-06-19 12:52:43.371] [exthost] [info] ExtensionService#_doActivateExtension vscode.typescript-language-features, startup: false, activationEvent: 'onLanguage:javascript'
[2022-06-19 13:14:25.736] [exthost] [info] Extension host terminating: received terminate message from renderer
[2022-06-19 13:14:25.786] [exthost] [info] Extension host with pid 4394 exiting with code 0
