{"logTime": "0614/162547", "correlationVector":"yT6aKRSvZZCqxllFFp2EwT.0","action":"FeedSettingFetch_homeCloud", "result":"0", "context":{}}
{"logTime": "0614/162547", "correlationVector":"yT6aKRSvZZCqxllFFp2EwT.0","action":"SyncServerConnectionManagerRequest", "result":"SYNC_SERVER_OK", "context":{"environment":"", "server":""}}
{"logTime": "0614/162549", "correlationVector":"EzpKy1D1X2oqUsvFBpUl/I.1","action":"SyncServerConnectionManagerRequest", "result":"SYNC_SERVER_OK", "context":{"environment":"48F630A6-CB1B-4CC7-86AF-0F6627234B58|106", "server":"BN3PEPF00000882"}}
{"logTime": "0614/162549", "correlationVector":"QEh/vyZE/tWFqGyDkeaO5g.1","action":"SyncServerConnectionManagerRequest", "result":"SYNC_SERVER_OK", "context":{"environment":"48F630A6-CB1B-4CC7-86AF-0F6627234B58|106", "server":"BN3PEPF00000882"}}
{"logTime": "0614/162549", "correlationVector":"EzpKy1D1X2oqUsvFBpUl/I","action":"Initial GetUpdates", "result":""}
{"logTime": "0614/162549", "correlationVector":"EzpKy1D1X2oqUsvFBpUl/I.2","action":"GetUpdates Response", "result":"SERVER_MORE_TO_DOWNLOAD"}
{"logTime": "0614/162549", "correlationVector":"QEh/vyZE/tWFqGyDkeaO5g","action":"Initial GetUpdates", "result":""}
{"logTime": "0614/162549", "correlationVector":"QEh/vyZE/tWFqGyDkeaO5g.2","action":"GetUpdates Response", "result":"SYNCER_OK"}
{"logTime": "0614/162549", "correlationVector":"Eq+/WUsI3ImFBS9AUOO/b9","action":"Initial GetUpdates", "result":""}
{"logTime": "0614/162550", "correlationVector":"Eq+/WUsI3ImFBS9AUOO/b9.1","action":"SyncServerConnectionManagerRequest", "result":"SYNC_SERVER_OK", "context":{"environment":"48F630A6-CB1B-4CC7-86AF-0F6627234B58|106", "server":"BN3PEPF00000882"}}
{"logTime": "0614/162550", "correlationVector":"Eq+/WUsI3ImFBS9AUOO/b9.2","action":"GetUpdates Response", "result":"SERVER_MORE_TO_DOWNLOAD"}
{"logTime": "0614/162550", "correlationVector":"VZ6Gl2l3cdmFn5g4+YlVFg","action":"Initial GetUpdates", "result":""}
{"logTime": "0614/162550", "correlationVector":"VZ6Gl2l3cdmFn5g4+YlVFg.1","action":"SyncServerConnectionManagerRequest", "result":"SYNC_SERVER_OK", "context":{"environment":"48F630A6-CB1B-4CC7-86AF-0F6627234B58|106", "server":"BN3PEPF00000882"}}
{"logTime": "0614/162550", "correlationVector":"VZ6Gl2l3cdmFn5g4+YlVFg.2","action":"GetUpdates Response", "result":"SERVER_MORE_TO_DOWNLOAD"}
{"logTime": "0614/162550", "correlationVector":"DZKVXltacgB2MKK8AKC2V/","action":"Initial GetUpdates", "result":""}
{"logTime": "0614/162550", "correlationVector":"DZKVXltacgB2MKK8AKC2V/.1","action":"SyncServerConnectionManagerRequest", "result":"SYNC_SERVER_OK", "context":{"environment":"48F630A6-CB1B-4CC7-86AF-0F6627234B58|106", "server":"BN3PEPF00000882"}}
{"logTime": "0614/162550", "correlationVector":"DZKVXltacgB2MKK8AKC2V/.2","action":"GetUpdates Response", "result":"SYNCER_OK"}
{"logTime": "0614/162550", "correlationVector":"IDD/5RSQOMTDJ7j5NVdnvk","action":"Initial GetUpdates", "result":""}
{"logTime": "0614/162551", "correlationVector":"IDD/5RSQOMTDJ7j5NVdnvk.1","action":"SyncServerConnectionManagerRequest", "result":"SYNC_SERVER_OK", "context":{"environment":"48F630A6-CB1B-4CC7-86AF-0F6627234B58|106", "server":"BN3PEPF00000882"}}
{"logTime": "0614/162551", "correlationVector":"IDD/5RSQOMTDJ7j5NVdnvk.2","action":"GetUpdates", "result":"DeleteReceived", "context":{"id":"d5b8f512-0248-4292-8f6c-53fb18a4e4ff", "isDeleted:":"true", "version":"1614707893105"}}
{"logTime": "0614/162551", "correlationVector":"IDD/5RSQOMTDJ7j5NVdnvk.3","action":"GetUpdates", "result":"DeleteReceived", "context":{"id":"05e0ab97-6eb5-4692-8e43-7f438871efbf", "isDeleted:":"true", "version":"1614707896152"}}
{"logTime": "0614/162551", "correlationVector":"IDD/5RSQOMTDJ7j5NVdnvk.4","action":"GetUpdates", "result":"DeleteReceived", "context":{"id":"da783161-81d2-4e5c-a4c6-cb609c18d9a6", "isDeleted:":"true", "version":"1614707898886"}}
{"logTime": "0614/162551", "correlationVector":"IDD/5RSQOMTDJ7j5NVdnvk.5","action":"GetUpdates", "result":"DeleteReceived", "context":{"id":"f58985d2-d344-43e9-bf8e-2575641c29e4", "isDeleted:":"true", "version":"1614707903699"}}
{"logTime": "0614/162551", "correlationVector":"IDD/5RSQOMTDJ7j5NVdnvk.6","action":"GetUpdates", "result":"DeleteReceived", "context":{"id":"b382b193-daf6-4f04-b47d-7b52ff2303c2", "isDeleted:":"true", "version":"1614707908012"}}
{"logTime": "0614/162551", "correlationVector":"IDD/5RSQOMTDJ7j5NVdnvk.7","action":"GetUpdates", "result":"DeleteReceived", "context":{"id":"2d833063-b207-4d02-9013-ac57d924f56f", "isDeleted:":"true", "version":"1614707916200"}}
{"logTime": "0614/162551", "correlationVector":"IDD/5RSQOMTDJ7j5NVdnvk.8","action":"GetUpdates", "result":"DeleteReceived", "context":{"id":"4096b8e0-f303-44cb-a8cb-9a4bb6958a39", "isDeleted:":"true", "version":"1614707916246"}}
{"logTime": "0614/162551", "correlationVector":"IDD/5RSQOMTDJ7j5NVdnvk.9","action":"GetUpdates", "result":"DeleteReceived", "context":{"id":"af26779b-998c-43eb-9cd4-9e927afd36f8", "isDeleted:":"true", "version":"1614707920528"}}
{"logTime": "0614/162551", "correlationVector":"IDD/5RSQOMTDJ7j5NVdnvk.10","action":"GetUpdates", "result":"DeleteReceived", "context":{"id":"904ac030-037f-4361-a0f1-db41002acee5", "isDeleted:":"true", "version":"1614707924012"}}
{"logTime": "0614/162551", "correlationVector":"IDD/5RSQOMTDJ7j5NVdnvk.11","action":"GetUpdates", "result":"DeleteReceived", "context":{"id":"93986e42-b39d-490f-a844-d66945c42491", "isDeleted:":"true", "version":"1614707926294"}}
{"logTime": "0614/162551", "correlationVector":"IDD/5RSQOMTDJ7j5NVdnvk.12","action":"GetUpdates", "result":"DeleteReceived", "context":{"id":"a4adfb58-594e-4c3f-98c9-5bddc9b76a72", "isDeleted:":"true", "version":"1618531146219"}}
{"logTime": "0614/162551", "correlationVector":"IDD/5RSQOMTDJ7j5NVdnvk.13","action":"GetUpdates", "result":"DeleteReceived", "context":{"id":"e5c9b69e-fd7a-4983-9b16-2bb49f0e5db2", "isDeleted:":"true", "version":"1619372669202"}}
{"logTime": "0614/162551", "correlationVector":"IDD/5RSQOMTDJ7j5NVdnvk.14","action":"GetUpdates", "result":"DeleteReceived", "context":{"id":"391f5a42-d393-40bd-98d7-36252f6c041f", "isDeleted:":"true", "version":"1622518080340"}}
{"logTime": "0614/162551", "correlationVector":"IDD/5RSQOMTDJ7j5NVdnvk.15","action":"GetUpdates", "result":"DeleteReceived", "context":{"id":"5d83af0e-660d-4558-b21c-d6f158474ce5", "isDeleted:":"true", "version":"1622518085044"}}
{"logTime": "0614/162551", "correlationVector":"IDD/5RSQOMTDJ7j5NVdnvk.16","action":"GetUpdates", "result":"DeleteReceived", "context":{"id":"a9e9a9a6-97ee-4c75-a55e-d1be002a2e0d", "isDeleted:":"true", "version":"1622518087247"}}
{"logTime": "0614/162551", "correlationVector":"IDD/5RSQOMTDJ7j5NVdnvk.17","action":"GetUpdates", "result":"DeleteReceived", "context":{"id":"cd0e5fe7-e189-4923-a059-8d2b4d31d8d6", "isDeleted:":"true", "version":"1622518094935"}}
{"logTime": "0614/162551", "correlationVector":"IDD/5RSQOMTDJ7j5NVdnvk.18","action":"GetUpdates", "result":"DeleteReceived", "context":{"id":"470dba70-383b-49cd-95f8-0076e0dd5ded", "isDeleted:":"true", "version":"1623532606686"}}
{"logTime": "0614/162551", "correlationVector":"IDD/5RSQOMTDJ7j5NVdnvk.19","action":"GetUpdates", "result":"DeleteReceived", "context":{"id":"6889f84f-7fb1-4b85-8f83-952d7dfda45c", "isDeleted:":"true", "version":"1616118954259"}}
{"logTime": "0614/162551", "correlationVector":"IDD/5RSQOMTDJ7j5NVdnvk.20","action":"GetUpdates", "result":"DeleteReceived", "context":{"id":"315ab437-61db-43eb-ad87-6b7c02727126", "isDeleted:":"true", "version":"1616987827564"}}
{"logTime": "0614/162551", "correlationVector":"IDD/5RSQOMTDJ7j5NVdnvk.21","action":"GetUpdates", "result":"DeleteReceived", "context":{"id":"df4b1421-931b-4f30-a7ca-23fd741c93ad", "isDeleted:":"true", "version":"1620666406196"}}
{"logTime": "0614/162551", "correlationVector":"IDD/5RSQOMTDJ7j5NVdnvk.22","action":"GetUpdates", "result":"DeleteReceived", "context":{"id":"573d3e35-7484-4ad8-9c8f-71f9b588f66c", "isDeleted:":"true", "version":"1622587089169"}}
{"logTime": "0614/162551", "correlationVector":"IDD/5RSQOMTDJ7j5NVdnvk.23","action":"GetUpdates", "result":"DeleteReceived", "context":{"id":"02e49d20-7b14-41a1-a31e-168e638b9a85", "isDeleted:":"true", "version":"1622840203759"}}
{"logTime": "0614/162551", "correlationVector":"IDD/5RSQOMTDJ7j5NVdnvk.24","action":"GetUpdates", "result":"DeleteReceived", "context":{"id":"fb0ea690-b195-4362-b27c-bcab49db79b7", "isDeleted:":"true", "version":"1623113671779"}}
{"logTime": "0614/162551", "correlationVector":"IDD/5RSQOMTDJ7j5NVdnvk.25","action":"GetUpdates", "result":"DeleteReceived", "context":{"id":"7c27b2f7-08be-44ba-8c3b-c75117dac9fc", "isDeleted:":"true", "version":"1623357021807"}}
{"logTime": "0614/162551", "correlationVector":"IDD/5RSQOMTDJ7j5NVdnvk.26","action":"GetUpdates", "result":"DeleteReceived", "context":{"id":"5d75b169-47e3-4b4b-9e6b-7f38a56556fa", "isDeleted:":"true", "version":"1616870756228"}}
{"logTime": "0614/162551", "correlationVector":"IDD/5RSQOMTDJ7j5NVdnvk.27","action":"GetUpdates", "result":"DeleteReceived", "context":{"id":"146f37ff-7251-4829-82ea-2d239d49cacd", "isDeleted:":"true", "version":"1614707871854"}}
{"logTime": "0614/162551", "correlationVector":"IDD/5RSQOMTDJ7j5NVdnvk.28","action":"GetUpdates", "result":"DeleteReceived", "context":{"id":"592adff5-6c86-41ac-b8ef-544f958bd92d", "isDeleted:":"true", "version":"1620852743770"}}
{"logTime": "0614/162551", "correlationVector":"IDD/5RSQOMTDJ7j5NVdnvk.29","action":"GetUpdates Response", "result":"SERVER_MORE_TO_DOWNLOAD"}
{"logTime": "0614/162551", "correlationVector":"fFznSzlONro1TdyxaSZk8I","action":"Initial GetUpdates", "result":""}
{"logTime": "0614/162552", "correlationVector":"fFznSzlONro1TdyxaSZk8I.1","action":"SyncServerConnectionManagerRequest", "result":"SYNC_SERVER_OK", "context":{"environment":"48F630A6-CB1B-4CC7-86AF-0F6627234B58|106", "server":"BN3PEPF00000882"}}
{"logTime": "0614/162552", "correlationVector":"fFznSzlONro1TdyxaSZk8I.2","action":"GetUpdates", "result":"DeleteReceived", "context":{"id":"299734b6-258d-400c-841f-377e5b121d2b", "isDeleted:":"true", "version":"1631200833187"}}
{"logTime": "0614/162552", "correlationVector":"fFznSzlONro1TdyxaSZk8I.3","action":"GetUpdates", "result":"DeleteReceived", "context":{"id":"f2fedbe6-7b02-49d7-afb4-d90719870e81", "isDeleted:":"true", "version":"1631200839609"}}
{"logTime": "0614/162552", "correlationVector":"fFznSzlONro1TdyxaSZk8I.4","action":"GetUpdates", "result":"DeleteReceived", "context":{"id":"94f5c923-6767-4042-b33f-8fc99684d30e", "isDeleted:":"true", "version":"1631200849922"}}
{"logTime": "0614/162552", "correlationVector":"fFznSzlONro1TdyxaSZk8I.5","action":"GetUpdates", "result":"DeleteReceived", "context":{"id":"c476c0d4-3583-4235-af30-07476a6ba58e", "isDeleted:":"true", "version":"1632624774513"}}
{"logTime": "0614/162552", "correlationVector":"fFznSzlONro1TdyxaSZk8I.6","action":"GetUpdates", "result":"DeleteReceived", "context":{"id":"0764fc64-2804-41e4-ba18-ebf302a1adec", "isDeleted:":"true", "version":"1632884474260"}}
{"logTime": "0614/162552", "correlationVector":"fFznSzlONro1TdyxaSZk8I.7","action":"GetUpdates", "result":"DeleteReceived", "context":{"id":"1de2fec2-f36b-40f4-ad1c-436079440de2", "isDeleted:":"true", "version":"1632884540998"}}
{"logTime": "0614/162552", "correlationVector":"fFznSzlONro1TdyxaSZk8I.8","action":"GetUpdates", "result":"DeleteReceived", "context":{"id":"922e4bd7-7f5c-4bb2-8985-23177984febb", "isDeleted:":"true", "version":"1632884546827"}}
{"logTime": "0614/162552", "correlationVector":"fFznSzlONro1TdyxaSZk8I.9","action":"GetUpdates", "result":"DeleteReceived", "context":{"id":"db3ac39e-1945-4f8e-a029-4521a71ed5d2", "isDeleted:":"true", "version":"1632884552077"}}
{"logTime": "0614/162552", "correlationVector":"fFznSzlONro1TdyxaSZk8I.10","action":"GetUpdates", "result":"DeleteReceived", "context":{"id":"c198b9fe-75aa-453b-b7f0-20dcb0179749", "isDeleted:":"true", "version":"1632884556187"}}
{"logTime": "0614/162552", "correlationVector":"fFznSzlONro1TdyxaSZk8I.11","action":"GetUpdates", "result":"DeleteReceived", "context":{"id":"78498b25-beaf-47af-bfc8-3d3696245e57", "isDeleted:":"true", "version":"1632884559875"}}
{"logTime": "0614/162552", "correlationVector":"fFznSzlONro1TdyxaSZk8I.12","action":"GetUpdates", "result":"DeleteReceived", "context":{"id":"70ec6276-ce97-40c1-a350-f7e5a3ba6288", "isDeleted:":"true", "version":"1632867492282"}}
{"logTime": "0614/162552", "correlationVector":"fFznSzlONro1TdyxaSZk8I.13","action":"GetUpdates Response", "result":"SERVER_MORE_TO_DOWNLOAD"}
{"logTime": "0614/162552", "correlationVector":"vIt3f0ohDkXJev1U+7LYa6","action":"Initial GetUpdates", "result":""}
{"logTime": "0614/162552", "correlationVector":"vIt3f0ohDkXJev1U+7LYa6.1","action":"SyncServerConnectionManagerRequest", "result":"SYNC_SERVER_OK", "context":{"environment":"48F630A6-CB1B-4CC7-86AF-0F6627234B58|106", "server":"BN3PEPF00000882"}}
{"logTime": "0614/162552", "correlationVector":"vIt3f0ohDkXJev1U+7LYa6.2","action":"GetUpdates", "result":"DeleteReceived", "context":{"id":"90483aa4-292a-47e1-a1f7-e2fcad33d132", "isDeleted:":"true", "version":"1633576645257"}}
{"logTime": "0614/162552", "correlationVector":"vIt3f0ohDkXJev1U+7LYa6.3","action":"GetUpdates", "result":"DeleteReceived", "context":{"id":"5a6158c3-e7b2-4582-8fc7-a73ee4b8b733", "isDeleted:":"true", "version":"1641086126610"}}
{"logTime": "0614/162552", "correlationVector":"vIt3f0ohDkXJev1U+7LYa6.4","action":"GetUpdates", "result":"DeleteReceived", "context":{"id":"5a6abbd3-5747-4764-b41c-7181420bb2eb", "isDeleted:":"true", "version":"1641408954775"}}
{"logTime": "0614/162552", "correlationVector":"vIt3f0ohDkXJev1U+7LYa6.5","action":"GetUpdates", "result":"DeleteReceived", "context":{"id":"4b2e7415-6799-4602-a93d-782a41b0d121", "isDeleted:":"true", "version":"1642180757983"}}
{"logTime": "0614/162552", "correlationVector":"vIt3f0ohDkXJev1U+7LYa6.6","action":"GetUpdates Response", "result":"SERVER_MORE_TO_DOWNLOAD"}
{"logTime": "0614/162552", "correlationVector":"cIF/1DhglDcwUDmyJ5G975","action":"Initial GetUpdates", "result":""}
{"logTime": "0614/162553", "correlationVector":"cIF/1DhglDcwUDmyJ5G975.1","action":"SyncServerConnectionManagerRequest", "result":"SYNC_SERVER_OK", "context":{"environment":"48F630A6-CB1B-4CC7-86AF-0F6627234B58|106", "server":"BN3PEPF00000882"}}
{"logTime": "0614/162553", "correlationVector":"cIF/1DhglDcwUDmyJ5G975.2","action":"GetUpdates", "result":"DeleteReceived", "context":{"id":"931ca91e-4a14-45ac-9a39-0d50862bc0b1", "isDeleted:":"true", "version":"1642547968481"}}
{"logTime": "0614/162553", "correlationVector":"cIF/1DhglDcwUDmyJ5G975.3","action":"GetUpdates", "result":"DeleteReceived", "context":{"id":"aab886cd-b05f-4edd-9ccf-a45d2f9a6012", "isDeleted:":"true", "version":"1642547968621"}}
{"logTime": "0614/162553", "correlationVector":"cIF/1DhglDcwUDmyJ5G975.4","action":"GetUpdates", "result":"DeleteReceived", "context":{"id":"474ebdca-81f3-4237-8a4e-1e5a69b2e3ad", "isDeleted:":"true", "version":"1642547968746"}}
{"logTime": "0614/162553", "correlationVector":"cIF/1DhglDcwUDmyJ5G975.5","action":"GetUpdates", "result":"DeleteReceived", "context":{"id":"c86ebbb5-9f27-40ee-b3a9-27dc307f1cd1", "isDeleted:":"true", "version":"1642547968809"}}
{"logTime": "0614/162553", "correlationVector":"cIF/1DhglDcwUDmyJ5G975.6","action":"GetUpdates Response", "result":"SERVER_MORE_TO_DOWNLOAD"}
{"logTime": "0614/162553", "correlationVector":"aYtRubSbW9sqbodtk53mZv","action":"Initial GetUpdates", "result":""}
{"logTime": "0614/162554", "correlationVector":"aYtRubSbW9sqbodtk53mZv.1","action":"SyncServerConnectionManagerRequest", "result":"SYNC_SERVER_OK", "context":{"environment":"48F630A6-CB1B-4CC7-86AF-0F6627234B58|106", "server":"BN3PEPF00000882"}}
{"logTime": "0614/162554", "correlationVector":"aYtRubSbW9sqbodtk53mZv.2","action":"GetUpdates Response", "result":"SERVER_MORE_TO_DOWNLOAD"}
{"logTime": "0614/162554", "correlationVector":"IgRVf3sObtpXFP0YJwIfO3","action":"Initial GetUpdates", "result":""}
{"logTime": "0614/162555", "correlationVector":"IgRVf3sObtpXFP0YJwIfO3.1","action":"SyncServerConnectionManagerRequest", "result":"SYNC_SERVER_OK", "context":{"environment":"48F630A6-CB1B-4CC7-86AF-0F6627234B58|106", "server":"BN3PEPF00000882"}}
{"logTime": "0614/162555", "correlationVector":"IgRVf3sObtpXFP0YJwIfO3.2","action":"GetUpdates Response", "result":"SERVER_MORE_TO_DOWNLOAD"}
{"logTime": "0614/162555", "correlationVector":"Uu3kAAFsIwoJc+v7VkxB/0","action":"Initial GetUpdates", "result":""}
{"logTime": "0614/162556", "correlationVector":"Uu3kAAFsIwoJc+v7VkxB/0.1","action":"SyncServerConnectionManagerRequest", "result":"SYNC_SERVER_OK", "context":{"environment":"48F630A6-CB1B-4CC7-86AF-0F6627234B58|106", "server":"BN3PEPF00000882"}}
{"logTime": "0614/162556", "correlationVector":"Uu3kAAFsIwoJc+v7VkxB/0.2","action":"GetUpdates Response", "result":"SERVER_MORE_TO_DOWNLOAD"}
{"logTime": "0614/162556", "correlationVector":"74qz5A9aQMO2VtDfxnWyz/","action":"Initial GetUpdates", "result":""}
{"logTime": "0614/162556", "correlationVector":"74qz5A9aQMO2VtDfxnWyz/.1","action":"SyncServerConnectionManagerRequest", "result":"SYNC_SERVER_OK", "context":{"environment":"48F630A6-CB1B-4CC7-86AF-0F6627234B58|106", "server":"BN3PEPF00000882"}}
{"logTime": "0614/162556", "correlationVector":"74qz5A9aQMO2VtDfxnWyz/.2","action":"GetUpdates", "result":"DeleteReceived", "context":{"id":"48e2e248-a8af-476c-93c0-2d4a31eb8b1e", "isDeleted:":"true", "version":"1654045476575"}}
{"logTime": "0614/162556", "correlationVector":"74qz5A9aQMO2VtDfxnWyz/.3","action":"GetUpdates", "result":"DeleteReceived", "context":{"id":"b8b28142-83b2-4de5-8845-500fd472264c", "isDeleted:":"true", "version":"1654528407122"}}
{"logTime": "0614/162556", "correlationVector":"74qz5A9aQMO2VtDfxnWyz/.4","action":"GetUpdates Response", "result":"SYNCER_OK"}
{"logTime": "0614/162556", "correlationVector":"8T2xplcdy8I3H1OaXi82pR","action":"Normal GetUpdate request", "result":""}
{"logTime": "0614/162557", "correlationVector":"8T2xplcdy8I3H1OaXi82pR.1","action":"SyncServerConnectionManagerRequest", "result":"SYNC_SERVER_OK", "context":{"environment":"48F630A6-CB1B-4CC7-86AF-0F6627234B58|106", "server":"BN3PEPF00000882"}}
{"logTime": "0614/162557", "correlationVector":"8T2xplcdy8I3H1OaXi82pR.2","action":"GetUpdates Response", "result":"SYNCER_OK"}
{"logTime": "0614/162557", "correlationVector":"euPFaPHwTtJ+OzKaaW50wb","action":"Commit Request", "result":""}
{"logTime": "0614/162557", "correlationVector":"euPFaPHwTtJ+OzKaaW50wb.1","action":"SyncServerConnectionManagerRequest", "result":"SYNC_SERVER_OK", "context":{"environment":"48F630A6-CB1B-4CC7-86AF-0F6627234B58|106", "server":"BN3PEPF00000882"}}
{"logTime": "0614/162557", "correlationVector":"euPFaPHwTtJ+OzKaaW50wb.2","action":"Commit Response", "result":"SYNCER_OK"}
{"logTime": "0614/162557", "correlationVector":"uqPyKFuCKfTv0JxDVy3mDR","action":"Commit Request", "result":""}
{"logTime": "0614/162557", "correlationVector":"uqPyKFuCKfTv0JxDVy3mDR.1","action":"SyncServerConnectionManagerRequest", "result":"SYNC_SERVER_OK", "context":{"environment":"48F630A6-CB1B-4CC7-86AF-0F6627234B58|106", "server":"BN3PEPF00000882"}}
{"logTime": "0614/162557", "correlationVector":"uqPyKFuCKfTv0JxDVy3mDR.2","action":"Commit Response", "result":"SYNCER_OK"}
{"logTime": "0614/163642", "correlationVector":"Ch+fTT+rczcBUipYKGvzA+.0","action":"FeedSettingFetch_homeCloud", "result":"0", "context":{}}
{"logTime": "0614/163642", "correlationVector":"HPJKXkSkl8RUEwduc1fBHL","action":"Normal GetUpdate request", "result":""}
{"logTime": "0614/163642", "correlationVector":"HPJKXkSkl8RUEwduc1fBHL.1","action":"SyncServerConnectionManagerRequest", "result":"SYNC_SERVER_OK", "context":{"environment":"48F630A6-CB1B-4CC7-86AF-0F6627234B58|106", "server":"BN3PEPF00000868"}}
{"logTime": "0614/163642", "correlationVector":"HPJKXkSkl8RUEwduc1fBHL.2","action":"GetUpdates Response", "result":"SYNCER_OK"}
{"logTime": "0614/163642", "correlationVector":"mAZrrKJm58jkQRpE38rAs6","action":"Commit Request", "result":""}
{"logTime": "0614/163642", "correlationVector":"mAZrrKJm58jkQRpE38rAs6.1","action":"SyncServerConnectionManagerRequest", "result":"SYNC_SERVER_OK", "context":{"environment":"48F630A6-CB1B-4CC7-86AF-0F6627234B58", "server":"BN3PEPF00000868"}}
{"logTime": "0614/163642", "correlationVector":"mAZrrKJm58jkQRpE38rAs6.3","action":"Commit.Autofill Profiles", "result":"Success", "context":{"id":"b6a1d918-dee3-4cba-97a9-1feae3681f65", "isDeleted":"true", "size":"0", "version":"1630269962681"}}
{"logTime": "0614/163642", "correlationVector":"mAZrrKJm58jkQRpE38rAs6.2","action":"Commit Response", "result":"SYNCER_OK"}
{"logTime": "0614/164440", "correlationVector":"Zucyo4cSmkp25M0Kc3Vz2V","action":"Commit Request", "result":""}
{"logTime": "0614/164441", "correlationVector":"Zucyo4cSmkp25M0Kc3Vz2V.1","action":"SyncServerConnectionManagerRequest", "result":"SYNC_SERVER_OK", "context":{"environment":"48F630A6-CB1B-4CC7-86AF-0F6627234B58|106", "server":"BN3PEPF00000885"}}
{"logTime": "0614/164441", "correlationVector":"Zucyo4cSmkp25M0Kc3Vz2V.2","action":"Commit Response", "result":"SYNCER_OK"}
{"logTime": "0614/164441", "correlationVector":"KsdFxO4Rs61m1+gsoCfjB2","action":"Commit Request", "result":""}
{"logTime": "0614/164441", "correlationVector":"KsdFxO4Rs61m1+gsoCfjB2.1","action":"SyncServerConnectionManagerRequest", "result":"SYNC_SERVER_OK", "context":{"environment":"48F630A6-CB1B-4CC7-86AF-0F6627234B58|106", "server":"BN3PEPF00000885"}}
{"logTime": "0614/164441", "correlationVector":"KsdFxO4Rs61m1+gsoCfjB2.2","action":"Commit Response", "result":"SYNCER_OK"}
{"logTime": "0614/190515", "correlationVector":"F3HfcR5JjB1zyhzT1wzKP9.0","action":"FeedSettingFetch_homeCloud", "result":"0", "context":{}}
{"logTime": "0614/190515", "correlationVector":"W9trgcyTU06gg2om5X+Pze","action":"Normal GetUpdate request", "result":""}
{"logTime": "0614/190515", "correlationVector":"W9trgcyTU06gg2om5X+Pze.1","action":"SyncServerConnectionManagerRequest", "result":"SYNC_SERVER_OK", "context":{"environment":"48F630A6-CB1B-4CC7-86AF-0F6627234B58|106", "server":"BN3PEPF00000897"}}
{"logTime": "0614/190515", "correlationVector":"W9trgcyTU06gg2om5X+Pze.2","action":"GetUpdates", "result":"DeleteReceived", "context":{"id":"b6a1d918-dee3-4cba-97a9-1feae3681f65", "isDeleted:":"true", "version":"1655224598042"}}
{"logTime": "0614/190515", "correlationVector":"W9trgcyTU06gg2om5X+Pze.3","action":"GetUpdates Response", "result":"SYNCER_OK"}
{"logTime": "0614/204440", "correlationVector":"m1NCQ3MLxj3ZRbaQ+JTJ5s.0","action":"FeedSettingFetch_homeCloud", "result":"0", "context":{}}
{"logTime": "0614/204440", "correlationVector":"ij76Z4oRmb2so5lCs0TgrG","action":"Normal GetUpdate request", "result":""}
{"logTime": "0614/204440", "correlationVector":"ij76Z4oRmb2so5lCs0TgrG.1","action":"SyncServerConnectionManagerRequest", "result":"SYNC_SERVER_OK", "context":{"environment":"48F630A6-CB1B-4CC7-86AF-0F6627234B58|106", "server":"BN3PEPF00000876"}}
{"logTime": "0614/204440", "correlationVector":"ij76Z4oRmb2so5lCs0TgrG.2","action":"GetUpdates Response", "result":"SYNCER_OK"}
{"logTime": "0614/204505", "correlationVector":"JMDTUNGYkQF7dRxaTvlGBg","action":"Commit Request", "result":""}
{"logTime": "0614/204505", "correlationVector":"JMDTUNGYkQF7dRxaTvlGBg.1","action":"SyncServerConnectionManagerRequest", "result":"SYNC_SERVER_OK", "context":{"environment":"48F630A6-CB1B-4CC7-86AF-0F6627234B58|106", "server":"BN3PEPF00000876"}}
{"logTime": "0614/204505", "correlationVector":"JMDTUNGYkQF7dRxaTvlGBg.2","action":"Commit Response", "result":"SYNCER_OK"}
{"logTime": "0614/204506", "correlationVector":"D8smWfHYx0kZ8LT9no0Xjz","action":"Commit Request", "result":""}
{"logTime": "0614/204506", "correlationVector":"D8smWfHYx0kZ8LT9no0Xjz.1","action":"SyncServerConnectionManagerRequest", "result":"SYNC_SERVER_OK", "context":{"environment":"48F630A6-CB1B-4CC7-86AF-0F6627234B58|106", "server":"BN3PEPF00000876"}}
{"logTime": "0614/204506", "correlationVector":"D8smWfHYx0kZ8LT9no0Xjz.2","action":"Commit Response", "result":"SYNCER_OK"}
{"logTime": "0614/210052", "correlationVector":"/kW+Ka8Z2Ht7hO67tkTfrO.0","action":"FeedSettingFetch_homeCloud", "result":"0", "context":{}}
{"logTime": "0614/210052", "correlationVector":"7f6mx9M7bsMYttNqDkNV1x","action":"Normal GetUpdate request", "result":""}
{"logTime": "0614/210052", "correlationVector":"7f6mx9M7bsMYttNqDkNV1x.1","action":"SyncServerConnectionManagerRequest", "result":"SYNC_SERVER_OK", "context":{"environment":"48F630A6-CB1B-4CC7-86AF-0F6627234B58|106", "server":"BN3PEPF0000088C"}}
{"logTime": "0614/210052", "correlationVector":"7f6mx9M7bsMYttNqDkNV1x.2","action":"GetUpdates Response", "result":"SYNCER_OK"}
{"logTime": "0614/212935", "correlationVector":"vtr2v/8MDe39372KiM4ZJJ.0","action":"FeedSettingFetch_homeCloud", "result":"0", "context":{}}
{"logTime": "0614/212935", "correlationVector":"l+kPqF4wdIWTuklgR5ZAiJ","action":"Normal GetUpdate request", "result":""}
{"logTime": "0614/212935", "correlationVector":"l+kPqF4wdIWTuklgR5ZAiJ.1","action":"SyncServerConnectionManagerRequest", "result":"SYNC_SERVER_OK", "context":{"environment":"48F630A6-CB1B-4CC7-86AF-0F6627234B58|106", "server":"BN3PEPF00000860"}}
{"logTime": "0614/212935", "correlationVector":"l+kPqF4wdIWTuklgR5ZAiJ.2","action":"GetUpdates Response", "result":"SYNCER_OK"}
{"logTime": "0614/214904", "correlationVector":"RoZKda/THJd7YqI+vQ9Kmv","action":"Commit Request", "result":""}
{"logTime": "0614/214905", "correlationVector":"RoZKda/THJd7YqI+vQ9Kmv.1","action":"SyncServerConnectionManagerRequest", "result":"SYNC_SERVER_OK", "context":{"environment":"48F630A6-CB1B-4CC7-86AF-0F6627234B58|106", "server":"BN3PEPF00000862"}}
{"logTime": "0614/214905", "correlationVector":"RoZKda/THJd7YqI+vQ9Kmv.2","action":"Commit Response", "result":"SYNCER_OK"}
{"logTime": "0614/214909", "correlationVector":"9vyTRIb3b9zmExtPJ0Aj2Z","action":"Commit Request", "result":""}
{"logTime": "0614/214909", "correlationVector":"9vyTRIb3b9zmExtPJ0Aj2Z.1","action":"SyncServerConnectionManagerRequest", "result":"SYNC_SERVER_OK", "context":{"environment":"48F630A6-CB1B-4CC7-86AF-0F6627234B58|106", "server":"BN3PEPF00000862"}}
{"logTime": "0614/214909", "correlationVector":"9vyTRIb3b9zmExtPJ0Aj2Z.2","action":"Commit Response", "result":"SYNCER_OK"}
{"logTime": "0614/223857", "correlationVector":"WC6CoDiEuC9t4T7y6kucuM.0","action":"FeedSettingFetch_homeCloud", "result":"0", "context":{}}
{"logTime": "0614/223857", "correlationVector":"tVz+f5Y0/tqQmeqx40UyBB","action":"Normal GetUpdate request", "result":""}
{"logTime": "0614/223857", "correlationVector":"tVz+f5Y0/tqQmeqx40UyBB.1","action":"SyncServerConnectionManagerRequest", "result":"SYNC_SERVER_OK", "context":{"environment":"48F630A6-CB1B-4CC7-86AF-0F6627234B58|106", "server":"BN3PEPF00000862"}}
{"logTime": "0614/223857", "correlationVector":"tVz+f5Y0/tqQmeqx40UyBB.2","action":"GetUpdates Response", "result":"SYNCER_OK"}
{"logTime": "0614/223913", "correlationVector":"1eA9ANUSfJpXIarcXicI4G","action":"Commit Request", "result":""}
{"logTime": "0614/223913", "correlationVector":"1eA9ANUSfJpXIarcXicI4G.1","action":"SyncServerConnectionManagerRequest", "result":"SYNC_SERVER_OK", "context":{"environment":"48F630A6-CB1B-4CC7-86AF-0F6627234B58|106", "server":"BN3PEPF00000862"}}
{"logTime": "0614/223913", "correlationVector":"1eA9ANUSfJpXIarcXicI4G.2","action":"Commit Response", "result":"SYNCER_OK"}
{"logTime": "0614/223915", "correlationVector":"7TX7knnNJVr2Kxi7cVALwm","action":"Commit Request", "result":""}
{"logTime": "0614/223915", "correlationVector":"7TX7knnNJVr2Kxi7cVALwm.1","action":"SyncServerConnectionManagerRequest", "result":"SYNC_SERVER_OK", "context":{"environment":"48F630A6-CB1B-4CC7-86AF-0F6627234B58|106", "server":"BN3PEPF00000862"}}
{"logTime": "0614/223915", "correlationVector":"7TX7knnNJVr2Kxi7cVALwm.2","action":"Commit Response", "result":"SYNCER_OK"}
{"logTime": "0614/223923", "correlationVector":"QtvM2HDAenqgwLkRwNeh8t","action":"Commit Request", "result":""}
{"logTime": "0614/223924", "correlationVector":"QtvM2HDAenqgwLkRwNeh8t.1","action":"SyncServerConnectionManagerRequest", "result":"SYNC_SERVER_OK", "context":{"environment":"48F630A6-CB1B-4CC7-86AF-0F6627234B58|106", "server":"BN3PEPF00000862"}}
{"logTime": "0614/223924", "correlationVector":"QtvM2HDAenqgwLkRwNeh8t.2","action":"Commit Response", "result":"SYNCER_OK"}
{"logTime": "0614/223959", "correlationVector":"qW0Vm5L9hyTl6uZAwLY0Ul","action":"Commit Request", "result":""}
{"logTime": "0614/224000", "correlationVector":"qW0Vm5L9hyTl6uZAwLY0Ul.1","action":"SyncServerConnectionManagerRequest", "result":"SYNC_SERVER_OK", "context":{"environment":"48F630A6-CB1B-4CC7-86AF-0F6627234B58|106", "server":"BN3PEPF00000862"}}
{"logTime": "0614/224000", "correlationVector":"qW0Vm5L9hyTl6uZAwLY0Ul.2","action":"Commit Response", "result":"SYNCER_OK"}
{"logTime": "0614/224307", "correlationVector":"XVpvh4DSMA5k1QM+a7coCX","action":"Commit Request", "result":""}
{"logTime": "0614/224307", "correlationVector":"XVpvh4DSMA5k1QM+a7coCX.1","action":"SyncServerConnectionManagerRequest", "result":"SYNC_SERVER_OK", "context":{"environment":"48F630A6-CB1B-4CC7-86AF-0F6627234B58|106", "server":"BN3PEPF000008A3"}}
{"logTime": "0614/224307", "correlationVector":"XVpvh4DSMA5k1QM+a7coCX.2","action":"Commit Response", "result":"SYNCER_OK"}
{"logTime": "0614/224725", "correlationVector":"cU6v1rqxl+f9/nSSrIEfus","action":"Commit Request", "result":""}
{"logTime": "0614/224725", "correlationVector":"cU6v1rqxl+f9/nSSrIEfus.1","action":"SyncServerConnectionManagerRequest", "result":"SYNC_SERVER_OK", "context":{"environment":"48F630A6-CB1B-4CC7-86AF-0F6627234B58|106", "server":"BN3PEPF00000891"}}
{"logTime": "0614/224725", "correlationVector":"cU6v1rqxl+f9/nSSrIEfus.2","action":"Commit Response", "result":"SYNCER_OK"}
{"logTime": "0614/230232", "correlationVector":"7W5zsKZ0GuKPYtk6nddEh1","action":"Commit Request", "result":""}
{"logTime": "0614/230233", "correlationVector":"7W5zsKZ0GuKPYtk6nddEh1.1","action":"SyncServerConnectionManagerRequest", "result":"SYNC_SERVER_OK", "context":{"environment":"48F630A6-CB1B-4CC7-86AF-0F6627234B58|106", "server":"BN3PEPF00000886"}}
{"logTime": "0614/230233", "correlationVector":"7W5zsKZ0GuKPYtk6nddEh1.2","action":"Commit Response", "result":"SYNCER_OK"}
{"logTime": "0615/141912", "correlationVector":"Qgim0W69ZeMkTqGqYTId/7.0","action":"FeedSettingFetch_homeCloud", "result":"0", "context":{}}
{"logTime": "0615/141912", "correlationVector":"2L6BBr5ZjmsXU0JSBvB2mk","action":"Normal GetUpdate request", "result":""}
{"logTime": "0615/141912", "correlationVector":"2L6BBr5ZjmsXU0JSBvB2mk.1","action":"SyncServerConnectionManagerRequest", "result":"SYNC_SERVER_OK", "context":{"environment":"48F630A6-CB1B-4CC7-86AF-0F6627234B58|106", "server":"BN3PEPF00000865"}}
{"logTime": "0615/141912", "correlationVector":"2L6BBr5ZjmsXU0JSBvB2mk.2","action":"GetUpdates Response", "result":"SYNCER_OK"}
{"logTime": "0615/141947", "correlationVector":"W1DOsIGeidS3rrG3IIJZMw","action":"Poll GetUpdate request", "result":""}
{"logTime": "0615/141948", "correlationVector":"W1DOsIGeidS3rrG3IIJZMw.1","action":"SyncServerConnectionManagerRequest", "result":"SYNC_SERVER_OK", "context":{"environment":"48F630A6-CB1B-4CC7-86AF-0F6627234B58|106", "server":"BN3PEPF00000865"}}
{"logTime": "0615/141948", "correlationVector":"W1DOsIGeidS3rrG3IIJZMw.2","action":"GetUpdates Response", "result":"SYNCER_OK"}
{"logTime": "0615/144452", "correlationVector":"Q1BfLb99sb5YdNKXgQ3O33.0","action":"FeedSettingFetch_homeCloud", "result":"0", "context":{}}
{"logTime": "0615/144452", "correlationVector":"Sj7qYthXHEq0mXgPpK5sn9","action":"Normal GetUpdate request", "result":""}
{"logTime": "0615/144452", "correlationVector":"Sj7qYthXHEq0mXgPpK5sn9.1","action":"SyncServerConnectionManagerRequest", "result":"SYNC_SERVER_OK", "context":{"environment":"48F630A6-CB1B-4CC7-86AF-0F6627234B58|106", "server":"BN3PEPF0000088E"}}
{"logTime": "0615/144452", "correlationVector":"Sj7qYthXHEq0mXgPpK5sn9.2","action":"GetUpdates Response", "result":"SYNCER_OK"}
{"logTime": "0615/145059", "correlationVector":"gREjyHxbNXDVeBKmnAnpxx","action":"Commit Request", "result":""}
{"logTime": "0615/145100", "correlationVector":"gREjyHxbNXDVeBKmnAnpxx.1","action":"SyncServerConnectionManagerRequest", "result":"SYNC_SERVER_OK", "context":{"environment":"48F630A6-CB1B-4CC7-86AF-0F6627234B58|106", "server":"BN3PEPF00000886"}}
{"logTime": "0615/145100", "correlationVector":"gREjyHxbNXDVeBKmnAnpxx.2","action":"Commit Response", "result":"SYNCER_OK"}
{"logTime": "0615/162551", "correlationVector":"vq5YOagXk0Mmz50Dx7s7XC","action":"Commit Request", "result":""}
{"logTime": "0615/162551", "correlationVector":"vq5YOagXk0Mmz50Dx7s7XC.1","action":"SyncServerConnectionManagerRequest", "result":"SYNC_SERVER_OK", "context":{"environment":"48F630A6-CB1B-4CC7-86AF-0F6627234B58|106", "server":"BN3PEPF00000860"}}
{"logTime": "0615/162551", "correlationVector":"vq5YOagXk0Mmz50Dx7s7XC.2","action":"Commit Response", "result":"SYNCER_OK"}
{"logTime": "0615/165850", "correlationVector":"nT9l7oMiFiZ7UYYgNY/jTl.0","action":"FeedSettingFetch_homeCloud", "result":"0", "context":{}}
{"logTime": "0615/165850", "correlationVector":"Ehuy99I0UD8GV/Kf5ec+ko","action":"Normal GetUpdate request", "result":""}
{"logTime": "0615/165850", "correlationVector":"Ehuy99I0UD8GV/Kf5ec+ko.1","action":"SyncServerConnectionManagerRequest", "result":"SYNC_SERVER_OK", "context":{"environment":"48F630A6-CB1B-4CC7-86AF-0F6627234B58|106", "server":"BN3PEPF00000885"}}
{"logTime": "0615/165850", "correlationVector":"Ehuy99I0UD8GV/Kf5ec+ko.2","action":"GetUpdates Response", "result":"SYNCER_OK"}
{"logTime": "0616/125951", "correlationVector":"bwU3HsgQVj+KvJG86qSBvF.0","action":"FeedSettingFetch_homeCloud", "result":"0", "context":{}}
{"logTime": "0616/125951", "correlationVector":"bwU3HsgQVj+KvJG86qSBvF.0","action":"SyncServerConnectionManagerRequest", "result":"SYNC_SERVER_OK", "context":{"environment":"", "server":""}}
{"logTime": "0616/125951", "correlationVector":"bya4P2QECgG0zY9ofErVWU","action":"Normal GetUpdate request", "result":""}
{"logTime": "0616/125951", "correlationVector":"bya4P2QECgG0zY9ofErVWU.1","action":"SyncServerConnectionManagerRequest", "result":"SYNC_SERVER_OK", "context":{"environment":"48F630A6-CB1B-4CC7-86AF-0F6627234B58|106", "server":"BN3PEPF00000891"}}
{"logTime": "0616/125951", "correlationVector":"bya4P2QECgG0zY9ofErVWU.2","action":"GetUpdates Response", "result":"SYNCER_OK"}
{"logTime": "0616/130419", "correlationVector":"OXiygUfMoqmpHFUFrjA9C2","action":"Poll GetUpdate request", "result":""}
{"logTime": "0616/130420", "correlationVector":"OXiygUfMoqmpHFUFrjA9C2.1","action":"SyncServerConnectionManagerRequest", "result":"SYNC_SERVER_OK", "context":{"environment":"48F630A6-CB1B-4CC7-86AF-0F6627234B58|106", "server":"BN3PEPF00000860"}}
{"logTime": "0616/130420", "correlationVector":"OXiygUfMoqmpHFUFrjA9C2.2","action":"GetUpdates Response", "result":"SYNCER_OK"}
{"logTime": "0616/131610", "correlationVector":"62orqv10w3F2EGkg8dVpvx","action":"Commit Request", "result":""}
{"logTime": "0616/131612", "correlationVector":"62orqv10w3F2EGkg8dVpvx.1","action":"SyncServerConnectionManagerRequest", "result":"SYNC_SERVER_OK", "context":{"environment":"48F630A6-CB1B-4CC7-86AF-0F6627234B58|106", "server":"BN3PEPF0000086C"}}
{"logTime": "0616/131612", "correlationVector":"62orqv10w3F2EGkg8dVpvx.2","action":"Commit Response", "result":"SYNCER_OK"}
{"logTime": "0616/131622", "correlationVector":"udvGpUP/j56eA9lq62CnsI","action":"Commit Request", "result":""}
{"logTime": "0616/131622", "correlationVector":"udvGpUP/j56eA9lq62CnsI.1","action":"SyncServerConnectionManagerRequest", "result":"SYNC_SERVER_OK", "context":{"environment":"48F630A6-CB1B-4CC7-86AF-0F6627234B58|106", "server":"BN3PEPF0000086C"}}
{"logTime": "0616/131622", "correlationVector":"udvGpUP/j56eA9lq62CnsI.2","action":"Commit Response", "result":"SYNCER_OK"}
{"logTime": "0616/131623", "correlationVector":"Ru7i5YmVWVRp2Ourq4X1KX","action":"Commit Request", "result":""}
{"logTime": "0616/131623", "correlationVector":"Ru7i5YmVWVRp2Ourq4X1KX.1","action":"SyncServerConnectionManagerRequest", "result":"SYNC_SERVER_OK", "context":{"environment":"48F630A6-CB1B-4CC7-86AF-0F6627234B58|106", "server":"BN3PEPF0000086C"}}
{"logTime": "0616/131623", "correlationVector":"Ru7i5YmVWVRp2Ourq4X1KX.2","action":"Commit Response", "result":"SYNCER_OK"}
{"logTime": "0616/132607", "correlationVector":"kou/4WrCyT8fDv1kwJ6KUd","action":"Commit Request", "result":""}
{"logTime": "0616/132608", "correlationVector":"kou/4WrCyT8fDv1kwJ6KUd.1","action":"SyncServerConnectionManagerRequest", "result":"SYNC_SERVER_OK", "context":{"environment":"48F630A6-CB1B-4CC7-86AF-0F6627234B58|106", "server":"BN3PEPF0000086A"}}
{"logTime": "0616/132608", "correlationVector":"kou/4WrCyT8fDv1kwJ6KUd.2","action":"Commit Response", "result":"SYNCER_OK"}
{"logTime": "0616/133158", "correlationVector":"NwH+YOgf8yNwiIK0CUKpn0","action":"Commit Request", "result":""}
{"logTime": "0616/133159", "correlationVector":"NwH+YOgf8yNwiIK0CUKpn0.1","action":"SyncServerConnectionManagerRequest", "result":"SYNC_SERVER_OK", "context":{"environment":"48F630A6-CB1B-4CC7-86AF-0F6627234B58|106", "server":"BN3PEPF0000088F"}}
{"logTime": "0616/133159", "correlationVector":"NwH+YOgf8yNwiIK0CUKpn0.2","action":"Commit Response", "result":"SYNCER_OK"}
{"logTime": "0616/134439", "correlationVector":"+YMlcOaRwG+wwugmWfPYvg","action":"Commit Request", "result":""}
{"logTime": "0616/134439", "correlationVector":"+YMlcOaRwG+wwugmWfPYvg.1","action":"SyncServerConnectionManagerRequest", "result":"SYNC_SERVER_OK", "context":{"environment":"48F630A6-CB1B-4CC7-86AF-0F6627234B58|106", "server":"BN3PEPF000008A0"}}
{"logTime": "0616/134439", "correlationVector":"+YMlcOaRwG+wwugmWfPYvg.2","action":"Commit Response", "result":"SYNCER_OK"}
{"logTime": "0616/141239", "correlationVector":"sJH4M9pK3xVSVkTRSK5yuM","action":"Commit Request", "result":""}
{"logTime": "0616/141240", "correlationVector":"sJH4M9pK3xVSVkTRSK5yuM.1","action":"SyncServerConnectionManagerRequest", "result":"SYNC_SERVER_OK", "context":{"environment":"48F630A6-CB1B-4CC7-86AF-0F6627234B58|106", "server":"BN3PEPF00000864"}}
{"logTime": "0616/141240", "correlationVector":"sJH4M9pK3xVSVkTRSK5yuM.2","action":"Commit Response", "result":"SYNCER_OK"}
{"logTime": "0616/141241", "correlationVector":"lK2oND2P/OoDwj2agvPLnu","action":"Commit Request", "result":""}
{"logTime": "0616/141241", "correlationVector":"lK2oND2P/OoDwj2agvPLnu.1","action":"SyncServerConnectionManagerRequest", "result":"SYNC_SERVER_OK", "context":{"environment":"48F630A6-CB1B-4CC7-86AF-0F6627234B58|106", "server":"BN3PEPF00000864"}}
{"logTime": "0616/141241", "correlationVector":"lK2oND2P/OoDwj2agvPLnu.2","action":"Commit Response", "result":"SYNCER_OK"}
{"logTime": "0616/151435", "correlationVector":"a1VMOW5lH1t9iz8GrSZEBU.0","action":"FeedSettingFetch_homeCloud", "result":"0", "context":{}}
{"logTime": "0616/151435", "correlationVector":"GurBCtmciAxP6/WdJeseZS","action":"Normal GetUpdate request", "result":""}
{"logTime": "0616/151435", "correlationVector":"GurBCtmciAxP6/WdJeseZS.1","action":"SyncServerConnectionManagerRequest", "result":"SYNC_SERVER_OK", "context":{"environment":"48F630A6-CB1B-4CC7-86AF-0F6627234B58|106", "server":"BN3PEPF00000870"}}
{"logTime": "0616/151435", "correlationVector":"GurBCtmciAxP6/WdJeseZS.2","action":"GetUpdates Response", "result":"SYNCER_OK"}
{"logTime": "0616/161905", "correlationVector":"YBf6xsRGlAMgOw1GhTvymm.0","action":"FeedSettingFetch_homeCloud", "result":"0", "context":{}}
{"logTime": "0616/161905", "correlationVector":"g/bLBTGlCgC+XKS3fRbu/j","action":"Normal GetUpdate request", "result":""}
{"logTime": "0616/161905", "correlationVector":"g/bLBTGlCgC+XKS3fRbu/j.1","action":"SyncServerConnectionManagerRequest", "result":"SYNC_SERVER_OK", "context":{"environment":"48F630A6-CB1B-4CC7-86AF-0F6627234B58|106", "server":"BN3PEPF00000872"}}
{"logTime": "0616/161905", "correlationVector":"g/bLBTGlCgC+XKS3fRbu/j.2","action":"GetUpdates Response", "result":"SYNCER_OK"}
{"logTime": "0616/162839", "correlationVector":"9MSpma1mYCnD4Qe6dkdHnk.0","action":"FeedSettingFetch_homeCloud", "result":"0", "context":{}}
{"logTime": "0616/162839", "correlationVector":"0K1fk4HXUkr7ihqFSOam4d","action":"Normal GetUpdate request", "result":""}
{"logTime": "0616/162839", "correlationVector":"0K1fk4HXUkr7ihqFSOam4d.1","action":"SyncServerConnectionManagerRequest", "result":"SYNC_SERVER_OK", "context":{"environment":"48F630A6-CB1B-4CC7-86AF-0F6627234B58|106", "server":"BN3PEPF00000895"}}
{"logTime": "0616/162839", "correlationVector":"0K1fk4HXUkr7ihqFSOam4d.2","action":"GetUpdates Response", "result":"SYNCER_OK"}
{"logTime": "0616/162839", "correlationVector":"M2ZdLRjikIBLBaykkqpyif","action":"Commit Request", "result":""}
{"logTime": "0616/162839", "correlationVector":"M2ZdLRjikIBLBaykkqpyif.1","action":"SyncServerConnectionManagerRequest", "result":"SYNC_SERVER_OK", "context":{"environment":"48F630A6-CB1B-4CC7-86AF-0F6627234B58|106", "server":"BN3PEPF00000895"}}
{"logTime": "0616/162839", "correlationVector":"M2ZdLRjikIBLBaykkqpyif.2","action":"Commit Response", "result":"SYNCER_OK"}
{"logTime": "0616/163037", "correlationVector":"FMexkMyghDLgv0ydEQXzpE","action":"Commit Request", "result":""}
{"logTime": "0616/163038", "correlationVector":"FMexkMyghDLgv0ydEQXzpE.1","action":"SyncServerConnectionManagerRequest", "result":"SYNC_SERVER_OK", "context":{"environment":"48F630A6-CB1B-4CC7-86AF-0F6627234B58|106", "server":"BN3PEPF00000895"}}
{"logTime": "0616/163038", "correlationVector":"FMexkMyghDLgv0ydEQXzpE.2","action":"Commit Response", "result":"SYNCER_OK"}
{"logTime": "0616/163042", "correlationVector":"WpgmXaj/BcU00tuWmu8OyV","action":"Commit Request", "result":""}
{"logTime": "0616/163042", "correlationVector":"WpgmXaj/BcU00tuWmu8OyV.1","action":"SyncServerConnectionManagerRequest", "result":"SYNC_SERVER_OK", "context":{"environment":"48F630A6-CB1B-4CC7-86AF-0F6627234B58|106", "server":"BN3PEPF00000895"}}
{"logTime": "0616/163042", "correlationVector":"WpgmXaj/BcU00tuWmu8OyV.2","action":"Commit Response", "result":"SYNCER_OK"}
{"logTime": "0616/163044", "correlationVector":"ITooIU2LBRea+zWHg2kuWV","action":"Commit Request", "result":""}
{"logTime": "0616/163045", "correlationVector":"ITooIU2LBRea+zWHg2kuWV.1","action":"SyncServerConnectionManagerRequest", "result":"SYNC_SERVER_OK", "context":{"environment":"48F630A6-CB1B-4CC7-86AF-0F6627234B58|106", "server":"BN3PEPF00000895"}}
{"logTime": "0616/163045", "correlationVector":"ITooIU2LBRea+zWHg2kuWV.2","action":"Commit Response", "result":"SYNCER_OK"}
{"logTime": "0616/163210", "correlationVector":"ZN6D6LD+bTfyWsGeN0MouN","action":"Commit Request", "result":""}
{"logTime": "0616/163210", "correlationVector":"ZN6D6LD+bTfyWsGeN0MouN.1","action":"SyncServerConnectionManagerRequest", "result":"SYNC_SERVER_OK", "context":{"environment":"48F630A6-CB1B-4CC7-86AF-0F6627234B58|106", "server":"BN3PEPF00000895"}}
{"logTime": "0616/163210", "correlationVector":"ZN6D6LD+bTfyWsGeN0MouN.2","action":"Commit Response", "result":"SYNCER_OK"}
{"logTime": "0616/164434", "correlationVector":"HnirFszkqXdFkHQfKEXV9L.0","action":"FeedSettingFetch_homeCloud", "result":"0", "context":{}}
{"logTime": "0616/164434", "correlationVector":"m6cZllYHk2DQRsT0Y7/Tfk","action":"Normal GetUpdate request", "result":""}
{"logTime": "0616/164434", "correlationVector":"m6cZllYHk2DQRsT0Y7/Tfk.1","action":"SyncServerConnectionManagerRequest", "result":"SYNC_SERVER_OK", "context":{"environment":"48F630A6-CB1B-4CC7-86AF-0F6627234B58|106", "server":"BN3PEPF0000086C"}}
{"logTime": "0616/164434", "correlationVector":"m6cZllYHk2DQRsT0Y7/Tfk.2","action":"GetUpdates Response", "result":"SYNCER_OK"}
{"logTime": "0616/194028", "correlationVector":"qv/lPSGIeaXzsHeOmO8Wpd.0","action":"FeedSettingFetch_homeCloud", "result":"0", "context":{}}
{"logTime": "0616/194028", "correlationVector":"RUMvivxaOjYLWwf0KMSeTg","action":"Normal GetUpdate request", "result":""}
{"logTime": "0616/194028", "correlationVector":"RUMvivxaOjYLWwf0KMSeTg.1","action":"SyncServerConnectionManagerRequest", "result":"SYNC_SERVER_OK", "context":{"environment":"48F630A6-CB1B-4CC7-86AF-0F6627234B58|106", "server":"BN3PEPF0000086E"}}
{"logTime": "0616/194028", "correlationVector":"RUMvivxaOjYLWwf0KMSeTg.2","action":"GetUpdates Response", "result":"SYNCER_OK"}
{"logTime": "0616/231437", "correlationVector":"S8C8loO//TZFt9r3Y4EFD3.0","action":"FeedSettingFetch_homeCloud", "result":"0", "context":{}}
{"logTime": "0616/231437", "correlationVector":"LinSkyg9FNtTw6DU+7/h16","action":"Normal GetUpdate request", "result":""}
{"logTime": "0616/231437", "correlationVector":"LinSkyg9FNtTw6DU+7/h16.1","action":"SyncServerConnectionManagerRequest", "result":"SYNC_SERVER_OK", "context":{"environment":"48F630A6-CB1B-4CC7-86AF-0F6627234B58|106", "server":"BN3PEPF00000889"}}
{"logTime": "0616/231437", "correlationVector":"LinSkyg9FNtTw6DU+7/h16.2","action":"GetUpdates Response", "result":"SYNCER_OK"}
{"logTime": "0616/231602", "correlationVector":"XZGEFRItrPGlu17HDvueJQ","action":"Poll GetUpdate request", "result":""}
{"logTime": "0616/231602", "correlationVector":"XZGEFRItrPGlu17HDvueJQ.1","action":"SyncServerConnectionManagerRequest", "result":"SYNC_SERVER_OK", "context":{"environment":"48F630A6-CB1B-4CC7-86AF-0F6627234B58|106", "server":"BN3PEPF00000889"}}
{"logTime": "0616/231602", "correlationVector":"XZGEFRItrPGlu17HDvueJQ.2","action":"GetUpdates Response", "result":"SYNCER_OK"}
{"logTime": "0617/001315", "correlationVector":"JHTOR9wPjO0nFhuNAHfUsP.0","action":"FeedSettingFetch_homeCloud", "result":"0", "context":{}}
{"logTime": "0617/001315", "correlationVector":"yACZmjYNhMnSbhPvvbaktu","action":"Normal GetUpdate request", "result":""}
{"logTime": "0617/001315", "correlationVector":"yACZmjYNhMnSbhPvvbaktu.1","action":"SyncServerConnectionManagerRequest", "result":"SYNC_SERVER_OK", "context":{"environment":"48F630A6-CB1B-4CC7-86AF-0F6627234B58|106", "server":"BN3PEPF00000876"}}
{"logTime": "0617/001315", "correlationVector":"yACZmjYNhMnSbhPvvbaktu.2","action":"GetUpdates Response", "result":"SYNCER_OK"}
{"logTime": "0617/001449", "correlationVector":"6gtqTOqRwAmS4zPaiiRu8i","action":"Commit Request", "result":""}
{"logTime": "0617/001450", "correlationVector":"6gtqTOqRwAmS4zPaiiRu8i.1","action":"SyncServerConnectionManagerRequest", "result":"SYNC_SERVER_OK", "context":{"environment":"48F630A6-CB1B-4CC7-86AF-0F6627234B58|106", "server":"BN3PEPF00000876"}}
{"logTime": "0617/001450", "correlationVector":"6gtqTOqRwAmS4zPaiiRu8i.2","action":"Commit Response", "result":"SYNCER_OK"}
{"logTime": "0617/001537", "correlationVector":"YhAiE2GSfMRPl4J0RngQpG","action":"Commit Request", "result":""}
{"logTime": "0617/001537", "correlationVector":"YhAiE2GSfMRPl4J0RngQpG.1","action":"SyncServerConnectionManagerRequest", "result":"SYNC_SERVER_OK", "context":{"environment":"48F630A6-CB1B-4CC7-86AF-0F6627234B58|106", "server":"BN3PEPF00000876"}}
{"logTime": "0617/001537", "correlationVector":"YhAiE2GSfMRPl4J0RngQpG.2","action":"Commit Response", "result":"SYNCER_OK"}
{"logTime": "0617/155229", "correlationVector":"ZZG+K7BIAtmUtm63lfFFqe.0","action":"FeedSettingFetch_homeCloud", "result":"0", "context":{}}
{"logTime": "0617/155229", "correlationVector":"ZZG+K7BIAtmUtm63lfFFqe.0","action":"SyncServerConnectionManagerRequest", "result":"SYNC_SERVER_OK", "context":{"environment":"", "server":""}}
{"logTime": "0617/155229", "correlationVector":"Gk0jh0bhRkJ5wbcMrZHoKo","action":"Normal GetUpdate request", "result":""}
{"logTime": "0617/155229", "correlationVector":"Gk0jh0bhRkJ5wbcMrZHoKo.1","action":"SyncServerConnectionManagerRequest", "result":"SYNC_SERVER_OK", "context":{"environment":"48F630A6-CB1B-4CC7-86AF-0F6627234B58|106", "server":"BN3PEPF00000865"}}
{"logTime": "0617/155229", "correlationVector":"Gk0jh0bhRkJ5wbcMrZHoKo.2","action":"GetUpdates Response", "result":"SYNCER_OK"}
{"logTime": "0617/155229", "correlationVector":"/3nY72arrIvRQW2j8W5JJd","action":"Commit Request", "result":""}
{"logTime": "0617/155229", "correlationVector":"/3nY72arrIvRQW2j8W5JJd.1","action":"SyncServerConnectionManagerRequest", "result":"SYNC_SERVER_OK", "context":{"environment":"48F630A6-CB1B-4CC7-86AF-0F6627234B58", "server":"BN3PEPF00000865"}}
{"logTime": "0617/155229", "correlationVector":"/3nY72arrIvRQW2j8W5JJd.3","action":"Commit.Autofill Profiles", "result":"Success", "context":{"id":"4ead0fd2-d84c-471e-9ab0-52211032207a", "isDeleted":"true", "size":"0", "version":"1630269962681"}}
{"logTime": "0617/155229", "correlationVector":"/3nY72arrIvRQW2j8W5JJd.2","action":"Commit Response", "result":"SYNCER_OK"}
{"logTime": "0617/155346", "correlationVector":"qFyqEaFeKrWwrf+75aXPmz","action":"Poll GetUpdate request", "result":""}
{"logTime": "0617/155346", "correlationVector":"qFyqEaFeKrWwrf+75aXPmz.1","action":"SyncServerConnectionManagerRequest", "result":"SYNC_SERVER_OK", "context":{"environment":"48F630A6-CB1B-4CC7-86AF-0F6627234B58|106", "server":"BN3PEPF00000865"}}
{"logTime": "0617/155346", "correlationVector":"qFyqEaFeKrWwrf+75aXPmz.2","action":"GetUpdates", "result":"DeleteReceived", "context":{"id":"4ead0fd2-d84c-471e-9ab0-52211032207a", "isDeleted:":"true", "version":"1655481146618"}}
{"logTime": "0617/155346", "correlationVector":"qFyqEaFeKrWwrf+75aXPmz.3","action":"GetUpdates Response", "result":"SYNCER_OK"}
{"logTime": "0617/155424", "correlationVector":"Gl/hJvtYFaY06HEL+P3GIi","action":"Commit Request", "result":""}
{"logTime": "0617/155425", "correlationVector":"Gl/hJvtYFaY06HEL+P3GIi.1","action":"SyncServerConnectionManagerRequest", "result":"SYNC_SERVER_OK", "context":{"environment":"48F630A6-CB1B-4CC7-86AF-0F6627234B58|106", "server":"BN3PEPF00000865"}}
{"logTime": "0617/155425", "correlationVector":"Gl/hJvtYFaY06HEL+P3GIi.2","action":"Commit Response", "result":"SYNCER_OK"}
{"logTime": "0617/155528", "correlationVector":"WESS5E60pqjJS6vXclcp/P.0","action":"FeedSettingFetch_homeCloud", "result":"0", "context":{}}
{"logTime": "0617/155528", "correlationVector":"6UdljLChV8peyU5rvbw1vr","action":"Normal GetUpdate request", "result":""}
{"logTime": "0617/155528", "correlationVector":"6UdljLChV8peyU5rvbw1vr.1","action":"SyncServerConnectionManagerRequest", "result":"SYNC_SERVER_OK", "context":{"environment":"48F630A6-CB1B-4CC7-86AF-0F6627234B58|106", "server":"BN3PEPF0000086A"}}
{"logTime": "0617/155528", "correlationVector":"6UdljLChV8peyU5rvbw1vr.2","action":"GetUpdates Response", "result":"SYNCER_OK"}
{"logTime": "0617/155629", "correlationVector":"muXxhAiKy3rBmansNr7GDx.0","action":"FeedSettingFetch_homeCloud", "result":"0", "context":{}}
{"logTime": "0617/155629", "correlationVector":"ebcxbEDFODfeUWLgHmWbw2","action":"Normal GetUpdate request", "result":""}
{"logTime": "0617/155629", "correlationVector":"ebcxbEDFODfeUWLgHmWbw2.1","action":"SyncServerConnectionManagerRequest", "result":"SYNC_SERVER_OK", "context":{"environment":"48F630A6-CB1B-4CC7-86AF-0F6627234B58|106", "server":"BN3PEPF0000086E"}}
{"logTime": "0617/155629", "correlationVector":"ebcxbEDFODfeUWLgHmWbw2.2","action":"GetUpdates Response", "result":"SYNCER_OK"}
{"logTime": "0617/155941", "correlationVector":"aGeSsZBcec3NNS0soGBMZ6","action":"Commit Request", "result":""}
{"logTime": "0617/155942", "correlationVector":"aGeSsZBcec3NNS0soGBMZ6.1","action":"SyncServerConnectionManagerRequest", "result":"SYNC_SERVER_OK", "context":{"environment":"48F630A6-CB1B-4CC7-86AF-0F6627234B58|106", "server":"BN3PEPF00000860"}}
{"logTime": "0617/155942", "correlationVector":"aGeSsZBcec3NNS0soGBMZ6.2","action":"Commit Response", "result":"SYNCER_OK"}
{"logTime": "0617/160828", "correlationVector":"K8GXRtaCmTGVeaWIUiadTi.0","action":"FeedSettingFetch_homeCloud", "result":"0", "context":{}}
{"logTime": "0617/160828", "correlationVector":"LlIwT2MdYwfnsxhwztu5Hu","action":"Normal GetUpdate request", "result":""}
{"logTime": "0617/160828", "correlationVector":"LlIwT2MdYwfnsxhwztu5Hu.1","action":"SyncServerConnectionManagerRequest", "result":"SYNC_SERVER_OK", "context":{"environment":"48F630A6-CB1B-4CC7-86AF-0F6627234B58|106", "server":"BN3PEPF00000861"}}
{"logTime": "0617/160828", "correlationVector":"LlIwT2MdYwfnsxhwztu5Hu.2","action":"GetUpdates Response", "result":"SYNCER_OK"}
{"logTime": "0617/160854", "correlationVector":"kJeul/rJBV0fUW8Bm85fwM","action":"Commit Request", "result":""}
{"logTime": "0617/160854", "correlationVector":"kJeul/rJBV0fUW8Bm85fwM.1","action":"SyncServerConnectionManagerRequest", "result":"SYNC_SERVER_OK", "context":{"environment":"48F630A6-CB1B-4CC7-86AF-0F6627234B58|106", "server":"BN3PEPF00000861"}}
{"logTime": "0617/160854", "correlationVector":"kJeul/rJBV0fUW8Bm85fwM.2","action":"Commit Response", "result":"SYNCER_OK"}
{"logTime": "0617/160855", "correlationVector":"ufiMnvVdtE6W/7CcDlk30u","action":"Commit Request", "result":""}
{"logTime": "0617/160855", "correlationVector":"ufiMnvVdtE6W/7CcDlk30u.1","action":"SyncServerConnectionManagerRequest", "result":"SYNC_SERVER_OK", "context":{"environment":"48F630A6-CB1B-4CC7-86AF-0F6627234B58|106", "server":"BN3PEPF00000861"}}
{"logTime": "0617/160855", "correlationVector":"ufiMnvVdtE6W/7CcDlk30u.2","action":"Commit Response", "result":"SYNCER_OK"}
{"logTime": "0617/161348", "correlationVector":"b/5olesnxVGegGaOoEEIPk.0","action":"FeedSettingFetch_homeCloud", "result":"0", "context":{}}
{"logTime": "0617/161348", "correlationVector":"3A+Zv/bM0cEVtdGh+y5aku","action":"Normal GetUpdate request", "result":""}
{"logTime": "0617/161348", "correlationVector":"3A+Zv/bM0cEVtdGh+y5aku.1","action":"SyncServerConnectionManagerRequest", "result":"SYNC_SERVER_OK", "context":{"environment":"48F630A6-CB1B-4CC7-86AF-0F6627234B58|106", "server":"BN3PEPF00000886"}}
{"logTime": "0617/161348", "correlationVector":"3A+Zv/bM0cEVtdGh+y5aku.2","action":"GetUpdates Response", "result":"SYNCER_OK"}
{"logTime": "0617/162453", "correlationVector":"IXvzk8eU0Pk8P+ChKX6/ad.0","action":"FeedSettingFetch_homeCloud", "result":"0", "context":{}}
{"logTime": "0617/162453", "correlationVector":"mxcXGeaRCFmwr6li7hgRk8","action":"Normal GetUpdate request", "result":""}
{"logTime": "0617/162453", "correlationVector":"mxcXGeaRCFmwr6li7hgRk8.1","action":"SyncServerConnectionManagerRequest", "result":"SYNC_SERVER_OK", "context":{"environment":"48F630A6-CB1B-4CC7-86AF-0F6627234B58|106", "server":"BN3PEPF0000086F"}}
{"logTime": "0617/162453", "correlationVector":"mxcXGeaRCFmwr6li7hgRk8.2","action":"GetUpdates Response", "result":"SYNCER_OK"}
{"logTime": "0617/162555", "correlationVector":"fgPFEoc4bdjy+binQp4/pi","action":"Commit Request", "result":""}
{"logTime": "0617/162555", "correlationVector":"fgPFEoc4bdjy+binQp4/pi.1","action":"SyncServerConnectionManagerRequest", "result":"SYNC_SERVER_OK", "context":{"environment":"48F630A6-CB1B-4CC7-86AF-0F6627234B58|106", "server":"BN3PEPF0000086F"}}
{"logTime": "0617/162555", "correlationVector":"fgPFEoc4bdjy+binQp4/pi.2","action":"Commit Response", "result":"SYNCER_OK"}
{"logTime": "0617/162610", "correlationVector":"aDx+jjJVsCoJUaZ3o3qee2","action":"Commit Request", "result":""}
{"logTime": "0617/162610", "correlationVector":"aDx+jjJVsCoJUaZ3o3qee2.1","action":"SyncServerConnectionManagerRequest", "result":"SYNC_SERVER_OK", "context":{"environment":"48F630A6-CB1B-4CC7-86AF-0F6627234B58|106", "server":"BN3PEPF0000086F"}}
{"logTime": "0617/162610", "correlationVector":"aDx+jjJVsCoJUaZ3o3qee2.2","action":"Commit Response", "result":"SYNCER_OK"}
{"logTime": "0617/162835", "correlationVector":"Ik+zfAFuYG86MfdIxqaW0x","action":"Commit Request", "result":""}
{"logTime": "0617/162835", "correlationVector":"Ik+zfAFuYG86MfdIxqaW0x.1","action":"SyncServerConnectionManagerRequest", "result":"SYNC_SERVER_OK", "context":{"environment":"48F630A6-CB1B-4CC7-86AF-0F6627234B58|106", "server":"BN3PEPF0000086F"}}
{"logTime": "0617/162835", "correlationVector":"Ik+zfAFuYG86MfdIxqaW0x.2","action":"Commit Response", "result":"SYNCER_OK"}
{"logTime": "0617/211722", "correlationVector":"rgGJrxRpaWgn5EjnOyDXnL.0","action":"FeedSettingFetch_homeCloud", "result":"0", "context":{}}
{"logTime": "0617/211722", "correlationVector":"vPrGP+OgC0rlFYC10msdSh","action":"Normal GetUpdate request", "result":""}
{"logTime": "0617/211722", "correlationVector":"vPrGP+OgC0rlFYC10msdSh.1","action":"SyncServerConnectionManagerRequest", "result":"SYNC_SERVER_OK", "context":{"environment":"48F630A6-CB1B-4CC7-86AF-0F6627234B58|106", "server":"BN3PEPF00000885"}}
{"logTime": "0617/211722", "correlationVector":"vPrGP+OgC0rlFYC10msdSh.2","action":"GetUpdates Response", "result":"SYNCER_OK"}
{"logTime": "0617/213519", "correlationVector":"1xfHO+34xZOzWm9t1D+vQW.0","action":"FeedSettingFetch_homeCloud", "result":"0", "context":{}}
{"logTime": "0617/213519", "correlationVector":"6nzpI83U5vhJIHnsf9yXv+","action":"Normal GetUpdate request", "result":""}
{"logTime": "0617/213519", "correlationVector":"6nzpI83U5vhJIHnsf9yXv+.1","action":"SyncServerConnectionManagerRequest", "result":"SYNC_SERVER_OK", "context":{"environment":"48F630A6-CB1B-4CC7-86AF-0F6627234B58|106", "server":"BN3PEPF0000088C"}}
{"logTime": "0617/213519", "correlationVector":"6nzpI83U5vhJIHnsf9yXv+.2","action":"GetUpdates Response", "result":"SYNCER_OK"}
{"logTime": "0617/230734", "correlationVector":"PYNVo1IrKC03OrvIta96qK","action":"Commit Request", "result":""}
{"logTime": "0617/230734", "correlationVector":"PYNVo1IrKC03OrvIta96qK.1","action":"SyncServerConnectionManagerRequest", "result":"SYNC_SERVER_OK", "context":{"environment":"48F630A6-CB1B-4CC7-86AF-0F6627234B58|106", "server":"BN3PEPF0000087E"}}
{"logTime": "0617/230734", "correlationVector":"PYNVo1IrKC03OrvIta96qK.2","action":"Commit Response", "result":"SYNCER_OK"}
{"logTime": "0617/231754", "correlationVector":"oaxRSbL9+biJNTaESAMsqi","action":"Commit Request", "result":""}
{"logTime": "0617/231755", "correlationVector":"oaxRSbL9+biJNTaESAMsqi.1","action":"SyncServerConnectionManagerRequest", "result":"SYNC_SERVER_OK", "context":{"environment":"48F630A6-CB1B-4CC7-86AF-0F6627234B58|106", "server":"BN3PEPF0000089E"}}
{"logTime": "0617/231755", "correlationVector":"oaxRSbL9+biJNTaESAMsqi.2","action":"Commit Response", "result":"SYNCER_OK"}
{"logTime": "0617/232327", "correlationVector":"QNqXfJgQHRPzoF65KSP6o1","action":"Commit Request", "result":""}
{"logTime": "0617/232329", "correlationVector":"QNqXfJgQHRPzoF65KSP6o1.1","action":"SyncServerConnectionManagerRequest", "result":"SYNC_SERVER_OK", "context":{"environment":"48F630A6-CB1B-4CC7-86AF-0F6627234B58|106", "server":"BN3PEPF0000088E"}}
{"logTime": "0617/232329", "correlationVector":"QNqXfJgQHRPzoF65KSP6o1.2","action":"Commit Response", "result":"SYNCER_OK"}
{"logTime": "0617/233151", "correlationVector":"AzT1dSv6nhJ/tbE6pc2cas","action":"Commit Request", "result":""}
{"logTime": "0617/233152", "correlationVector":"AzT1dSv6nhJ/tbE6pc2cas.1","action":"SyncServerConnectionManagerRequest", "result":"SYNC_SERVER_OK", "context":{"environment":"48F630A6-CB1B-4CC7-86AF-0F6627234B58|106", "server":"BN3PEPF00000869"}}
{"logTime": "0617/233152", "correlationVector":"AzT1dSv6nhJ/tbE6pc2cas.2","action":"Commit Response", "result":"SYNCER_OK"}
{"logTime": "0617/233726", "correlationVector":"HZmuFVcU9zVAlfLu+Se6Pr","action":"Commit Request", "result":""}
{"logTime": "0617/233727", "correlationVector":"HZmuFVcU9zVAlfLu+Se6Pr.1","action":"SyncServerConnectionManagerRequest", "result":"SYNC_SERVER_OK", "context":{"environment":"48F630A6-CB1B-4CC7-86AF-0F6627234B58|106", "server":"BN3PEPF00000885"}}
{"logTime": "0617/233727", "correlationVector":"HZmuFVcU9zVAlfLu+Se6Pr.2","action":"Commit Response", "result":"SYNCER_OK"}
{"logTime": "0618/013830", "correlationVector":"yb46/4LGUGFiLTXArQ6RCk.0","action":"FeedSettingFetch_homeCloud", "result":"0", "context":{}}
{"logTime": "0618/013830", "correlationVector":"I0Vwl+CNa/BnaweWA1U4aI","action":"Normal GetUpdate request", "result":""}
{"logTime": "0618/013830", "correlationVector":"I0Vwl+CNa/BnaweWA1U4aI.1","action":"SyncServerConnectionManagerRequest", "result":"SYNC_SERVER_OK", "context":{"environment":"48F630A6-CB1B-4CC7-86AF-0F6627234B58|106", "server":"BN3PEPF0000086A"}}
{"logTime": "0618/013830", "correlationVector":"I0Vwl+CNa/BnaweWA1U4aI.2","action":"GetUpdates Response", "result":"SYNCER_OK"}
{"logTime": "0618/014138", "correlationVector":"eQs4MdHg79JsvbV9tVNdqA.0","action":"FeedSettingFetch_homeCloud", "result":"0", "context":{}}
{"logTime": "0618/014138", "correlationVector":"Ht5XbMOvxYiA9V4C70qmJP","action":"Normal GetUpdate request", "result":""}
{"logTime": "0618/014138", "correlationVector":"Ht5XbMOvxYiA9V4C70qmJP.1","action":"SyncServerConnectionManagerRequest", "result":"SYNC_SERVER_OK", "context":{"environment":"48F630A6-CB1B-4CC7-86AF-0F6627234B58|106", "server":"BN3PEPF00000887"}}
{"logTime": "0618/014138", "correlationVector":"Ht5XbMOvxYiA9V4C70qmJP.2","action":"GetUpdates Response", "result":"SYNCER_OK"}
{"logTime": "0618/014444", "correlationVector":"Il6H2azLF/2pDh66lGiPIS","action":"Poll GetUpdate request", "result":""}
{"logTime": "0618/014444", "correlationVector":"Il6H2azLF/2pDh66lGiPIS.1","action":"SyncServerConnectionManagerRequest", "result":"SYNC_SERVER_OK", "context":{"environment":"48F630A6-CB1B-4CC7-86AF-0F6627234B58|106", "server":"BN3PEPF0000087A"}}
{"logTime": "0618/014444", "correlationVector":"Il6H2azLF/2pDh66lGiPIS.2","action":"GetUpdates Response", "result":"SYNCER_OK"}
{"logTime": "0618/015939", "correlationVector":"O6gLotff1CsNIS0rdaKKnq.0","action":"FeedSettingFetch_homeCloud", "result":"0", "context":{}}
{"logTime": "0618/015939", "correlationVector":"d0I3yWmstN9OoZlq0oRyol","action":"Normal GetUpdate request", "result":""}
{"logTime": "0618/015939", "correlationVector":"d0I3yWmstN9OoZlq0oRyol.1","action":"SyncServerConnectionManagerRequest", "result":"SYNC_SERVER_OK", "context":{"environment":"48F630A6-CB1B-4CC7-86AF-0F6627234B58|106", "server":"BN3PEPF00000891"}}
{"logTime": "0618/015939", "correlationVector":"d0I3yWmstN9OoZlq0oRyol.2","action":"GetUpdates Response", "result":"SYNCER_OK"}
{"logTime": "0618/022832", "correlationVector":"/sEN2kie3Mzg466qkMvTyJ.0","action":"FeedSettingFetch_homeCloud", "result":"0", "context":{}}
{"logTime": "0618/022832", "correlationVector":"X1CCuVPYG2OSlDbCrTN9V6","action":"Normal GetUpdate request", "result":""}
{"logTime": "0618/022832", "correlationVector":"X1CCuVPYG2OSlDbCrTN9V6.1","action":"SyncServerConnectionManagerRequest", "result":"SYNC_SERVER_OK", "context":{"environment":"48F630A6-CB1B-4CC7-86AF-0F6627234B58|106", "server":"BN3PEPF00000863"}}
{"logTime": "0618/022832", "correlationVector":"X1CCuVPYG2OSlDbCrTN9V6.2","action":"GetUpdates Response", "result":"SYNCER_OK"}
{"logTime": "0618/023030", "correlationVector":"8ZZVpAIlC8fowfEJqnDgB2","action":"Commit Request", "result":""}
{"logTime": "0618/023031", "correlationVector":"8ZZVpAIlC8fowfEJqnDgB2.1","action":"SyncServerConnectionManagerRequest", "result":"SYNC_SERVER_OK", "context":{"environment":"48F630A6-CB1B-4CC7-86AF-0F6627234B58|106", "server":"BN3PEPF0000088C"}}
{"logTime": "0618/023031", "correlationVector":"8ZZVpAIlC8fowfEJqnDgB2.2","action":"Commit Response", "result":"SYNCER_OK"}
{"logTime": "0618/050228", "correlationVector":"iMdvc/l/Ia0UDNIbpdc0gN.0","action":"FeedSettingFetch_homeCloud", "result":"0", "context":{}}
{"logTime": "0618/050228", "correlationVector":"NsQdCNfrIyRwrfGyicBgF4","action":"Normal GetUpdate request", "result":""}
{"logTime": "0618/050228", "correlationVector":"NsQdCNfrIyRwrfGyicBgF4.1","action":"SyncServerConnectionManagerRequest", "result":"SYNC_SERVER_OK", "context":{"environment":"48F630A6-CB1B-4CC7-86AF-0F6627234B58|106", "server":"BN3PEPF0000087E"}}
{"logTime": "0618/050228", "correlationVector":"NsQdCNfrIyRwrfGyicBgF4.2","action":"GetUpdates Response", "result":"SYNCER_OK"}
{"logTime": "0618/051957", "correlationVector":"We4fCBqU5ZtVTo6E5SCvWE.0","action":"FeedSettingFetch_homeCloud", "result":"0", "context":{}}
{"logTime": "0618/051957", "correlationVector":"/t3eT7OF7Q4FDw/mRP/crG","action":"Normal GetUpdate request", "result":""}
{"logTime": "0618/051957", "correlationVector":"/t3eT7OF7Q4FDw/mRP/crG.1","action":"SyncServerConnectionManagerRequest", "result":"SYNC_SERVER_OK", "context":{"environment":"48F630A6-CB1B-4CC7-86AF-0F6627234B58|106", "server":"BN3PEPF0000086E"}}
{"logTime": "0618/051957", "correlationVector":"/t3eT7OF7Q4FDw/mRP/crG.2","action":"GetUpdates Response", "result":"SYNCER_OK"}
